<testsuites id="" name="" tests="20" failures="16" skipped="0" errors="0" time="2772.116011">
  <testsuite name="setup/global-inventory.setup.js" timestamp="2025-05-21T18:21:07.508Z" hostname="setup test data" tests="1" failures="0" skipped="0" time="2.577" errors="0">
    <testcase name="LOAD ALL OF THE TEST PRODUCTS AT THE START OF THE TEST RUN" classname="setup/global-inventory.setup.js" time="2.577">
      <system-out>
        <![CDATA[2025-05-21 18:21:08,291 - global-inventory.setup - INFO - ------------------------------------------------------- 
2025-05-21 18:21:08,292 - global-inventory.setup - INFO - ------ LOADING THE BASELINE PRODUCTS on STARTUP ------- 
2025-05-21 18:21:08,293 - global-inventory.setup - INFO - ------------------------------------------------------- 
2025-05-21 18:21:08,293 - global-inventory.setup - INFO - Setting up ENV: dev
2025-05-21 18:21:08,293 - sfs-product-low-inventory - INFO - ------------------------------------------------------- 
2025-05-21 18:21:08,294 - sfs-product-low-inventory - INFO - ------ LOADING SFS PRODUCT INVENTORY ----------------- 
2025-05-21 18:21:08,294 - sfs-product-low-inventory - INFO - ------------------------------------------------------- 
2025-05-21 18:21:08,295 - ocapi-data-client - INFO -  Attempting to retrieve inventory for sku >> 1313793IVO000 >> from inventoryList >> ref-bos-inventory 
2025-05-21 18:21:08,912 - ocapi-request-template - INFO - Successfully looked up [ 1313793IVO000 ] from OCAPI (return code: 200)
2025-05-21 18:21:08,913 - sfs-product-low-inventory - INFO - Inventory Record from JSON -> [{"inventory_list_id":"ref-vrn-inventory","quantity":0},{"inventory_list_id":"ref-cvh-inventory","quantity":0},{"inventory_list_id":"ref-web-inventory","quantity":0,"perpetual":true,"perpetualForStoreInventory":true},{"inventory_list_id":"ref-bos-inventory","quantity":2},{"inventory_list_id":"ref-bon-inventory","quantity":0}]
2025-05-21 18:21:08,913 - inventoryHelper - INFO - Batch Inventory load ...
2025-05-21 18:21:08,915 - ocapi-data-client - INFO - Setting Inventory data for Inventory List >> "ref-vrn-inventory" >> SKU: 1313793IVO000 >> quantity: 0 ...
2025-05-21 18:21:08,993 - ocapi-data-client - INFO - Setting Inventory data for Inventory List >> "ref-cvh-inventory" >> SKU: 1313793IVO000 >> quantity: 0 ...
2025-05-21 18:21:09,055 - ocapi-data-client - INFO - Setting Inventory data for Inventory List >> "ref-web-inventory" >> SKU: 1313793IVO000 >> quantity: 0 ...
2025-05-21 18:21:09,120 - ocapi-data-client - INFO - Setting Inventory data for Inventory List >> "ref-bos-inventory" >> SKU: 1313793IVO000 >> quantity: 2 ...
2025-05-21 18:21:09,175 - ocapi-data-client - INFO - Setting Inventory data for Inventory List >> "ref-bon-inventory" >> SKU: 1313793IVO000 >> quantity: 0 ...
2025-05-21 18:21:09,238 - inventoryHelper - INFO - -------- Done adding inventory records to SFCC ...
2025-05-21 18:21:09,238 - sfs-product-low-inventory - INFO - Successfully initialized SFS Product (low inventory)...
2025-05-21 18:21:09,238 - sfs-product-low-inventory - INFO - ------------------------------------------------------- 
2025-05-21 18:21:09,239 - sfs-product - INFO - ------------------------------------------------------- 
2025-05-21 18:21:09,239 - sfs-product - INFO - ------ LOADING SFS PRODUCT INVENTORY ----------------- 
2025-05-21 18:21:09,240 - sfs-product - INFO - ------------------------------------------------------- 
2025-05-21 18:21:09,240 - inventoryHelper - INFO - Batch Inventory load ...
2025-05-21 18:21:09,241 - ocapi-data-client - INFO - Setting Inventory data for Inventory List >> "ref-vrn-inventory" >> SKU: 1313793IVO002 >> quantity: 0 ...
2025-05-21 18:21:09,316 - ocapi-data-client - INFO - Setting Inventory data for Inventory List >> "ref-cvh-inventory" >> SKU: 1313793IVO002 >> quantity: 0 ...
2025-05-21 18:21:09,378 - ocapi-data-client - INFO - Setting Inventory data for Inventory List >> "ref-web-inventory" >> SKU: 1313793IVO002 >> quantity: 0 ...
2025-05-21 18:21:09,440 - ocapi-data-client - INFO - Setting Inventory data for Inventory List >> "ref-bos-inventory" >> SKU: 1313793IVO002 >> quantity: 100 ...
2025-05-21 18:21:09,499 - ocapi-data-client - INFO - Setting Inventory data for Inventory List >> "ref-bon-inventory" >> SKU: 1313793IVO002 >> quantity: 0 ...
2025-05-21 18:21:09,562 - inventoryHelper - INFO - -------- Done adding inventory records to SFCC ...
2025-05-21 18:21:09,562 - sfs-product - INFO - Successfully initialized SFS Product ...
2025-05-21 18:21:09,562 - sfs-product - INFO - ------------------------------------------------------- 
2025-05-21 18:21:09,564 - ispu-product - INFO - ------------------------------------------------------- 
2025-05-21 18:21:09,564 - ispu-product - INFO - ------ LOADING ISPU PRODUCT INVENTORY ----------------- 
2025-05-21 18:21:09,564 - ispu-product - INFO - ------------------------------------------------------- 
2025-05-21 18:21:09,564 - inventoryHelper - INFO - Batch Inventory load ...
2025-05-21 18:21:09,565 - ocapi-data-client - INFO - Setting Inventory data for Inventory List >> "ref-vrn-inventory" >> SKU: 1313793IVO004 >> quantity: 500 ...
2025-05-21 18:21:09,627 - ocapi-data-client - INFO - Setting Inventory data for Inventory List >> "ref-cvh-inventory" >> SKU: 1313793IVO004 >> quantity: 0 ...
2025-05-21 18:21:09,694 - ocapi-data-client - INFO - Setting Inventory data for Inventory List >> "ref-web-inventory" >> SKU: 1313793IVO004 >> quantity: 500 ...
2025-05-21 18:21:09,754 - ocapi-data-client - INFO - Setting Inventory data for Inventory List >> "ref-bos-inventory" >> SKU: 1313793IVO004 >> quantity: 5000 ...
2025-05-21 18:21:09,809 - ocapi-data-client - INFO - Setting Inventory data for Inventory List >> "ref-bon-inventory" >> SKU: 1313793IVO004 >> quantity: 0 ...
2025-05-21 18:21:09,869 - inventoryHelper - INFO - -------- Done adding inventory records to SFCC ...
2025-05-21 18:21:09,869 - ispu-product - INFO - Successfully initialized ISPU Product ...
2025-05-21 18:21:09,870 - ispu-product - INFO - ------------------------------------------------------- 
2025-05-21 18:21:09,870 - home-delivery-product - INFO - ------------------------------------------------------- 
2025-05-21 18:21:09,870 - home-delivery-product - INFO - ------ LOADING HOME DELIVERY PRODUCT INVENTORY -------- 
2025-05-21 18:21:09,870 - home-delivery-product - INFO - ------------------------------------------------------- 
2025-05-21 18:21:09,871 - inventoryHelper - INFO - Batch Inventory load ...
2025-05-21 18:21:09,872 - ocapi-data-client - INFO - Setting Inventory data for Inventory List >> "ref-vrn-inventory" >> SKU: 1313793IVO006 >> quantity: 100 ...
2025-05-21 18:21:09,946 - ocapi-data-client - INFO - Setting Inventory data for Inventory List >> "ref-cvh-inventory" >> SKU: 1313793IVO006 >> quantity: 0 ...
2025-05-21 18:21:10,003 - ocapi-data-client - INFO - Setting Inventory data for Inventory List >> "ref-brd-inventory" >> SKU: 1313793IVO006 >> quantity: 100 ...
2025-05-21 18:21:10,059 - ocapi-data-client - INFO - Setting Inventory data for Inventory List >> "ref-web-inventory" >> SKU: 1313793IVO006 >> quantity: 200 ...
2025-05-21 18:21:10,117 - ocapi-data-client - INFO - Setting Inventory data for Inventory List >> "ref-bos-inventory" >> SKU: 1313793IVO006 >> quantity: 0 ...
2025-05-21 18:21:10,171 - inventoryHelper - INFO - -------- Done adding inventory records to SFCC ...
2025-05-21 18:21:10,171 - home-delivery-product - INFO - Successfully initialized Home Delivery Product ...
2025-05-21 18:21:10,171 - home-delivery-product - INFO - ------------------------------------------------------- 
2025-05-21 18:21:10,171 - preorder-product - INFO - ------------------------------------------------------- 
2025-05-21 18:21:10,171 - preorder-product - INFO - ------ LOADING PREORDER PRODUCT INVENTORY --------------
2025-05-21 18:21:10,171 - preorder-product - INFO - ------------------------------------------------------- 
2025-05-21 18:21:10,171 - preorder-product - INFO - Updating PREORDER inventory for sku: 1313793IVO008 to have a quantity of 1000 ...
2025-05-21 18:21:10,172 - inventoryHelper - INFO - Preorder allocation: 1000
2025-05-21 18:21:10,172 - inventoryHelper - INFO - Preorder SKU: 1313793IVO008
2025-05-21 18:21:10,173 - ocapi-data-client - INFO - Setting Inventory data for Inventory List >> "ref-web-inventory" >> SKU: 1313793IVO008 >> quantity: 0 ...
2025-05-21 18:21:10,173 - ocapi-data-client - INFO - Preorder information >> allocation:  1000 >> inStockDate: 2025-05-26T18:21:10.172Z
2025-05-21 18:21:10,230 - ocapi-data-client - INFO - Setting Inventory data for Inventory List >> "ref-vrn-inventory" >> SKU: 1313793IVO008 >> quantity: 0 ...
2025-05-21 18:21:10,230 - ocapi-data-client - INFO - Preorder information >> allocation:  1000 >> inStockDate: 2025-05-26T18:21:10.172Z
2025-05-21 18:21:10,291 - preorder-product - INFO - Successfully initialized Preorder Product ...
2025-05-21 18:21:10,291 - preorder-product - INFO - ------------------------------------------------------- 
2025-05-21 18:21:10,292 - ceva-product - INFO - ------------------------------------------------------- 
2025-05-21 18:21:10,293 - ceva-product - INFO - ------ LOADING CEVA HOME DELIVERY PRODUCT INVENTORY --- 
2025-05-21 18:21:10,293 - ceva-product - INFO - ------------------------------------------------------- 
2025-05-21 18:21:10,294 - inventoryHelper - INFO - Batch Inventory load ...
2025-05-21 18:21:10,295 - ocapi-data-client - INFO - Setting Inventory data for Inventory List >> "ref-vrn-inventory" >> SKU: 1313793IVO010 >> quantity: 0 ...
2025-05-21 18:21:10,365 - ocapi-data-client - INFO - Setting Inventory data for Inventory List >> "ref-cvh-inventory" >> SKU: 1313793IVO010 >> quantity: 100 ...
2025-05-21 18:21:10,450 - ocapi-data-client - INFO - Setting Inventory data for Inventory List >> "ref-web-inventory" >> SKU: 1313793IVO010 >> quantity: 100 ...
2025-05-21 18:21:10,506 - ocapi-data-client - INFO - Setting Inventory data for Inventory List >> "ref-bos-inventory" >> SKU: 1313793IVO010 >> quantity: 0 ...
2025-05-21 18:21:10,561 - inventoryHelper - INFO - -------- Done adding inventory records to SFCC ...
2025-05-21 18:21:10,561 - ceva-product - INFO - Successfully initialized CEVA Home Delivery Product ...
2025-05-21 18:21:10,561 - ceva-product - INFO - ------------------------------------------------------- 
2025-05-21 18:21:10,561 - home-delivery-bridge-product - INFO - ------------------------------------------------------- 
2025-05-21 18:21:10,561 - home-delivery-bridge-product - INFO - ------ LOADING HOME DELIVERY BRIDGE PRODUCT INVENTORY - 
2025-05-21 18:21:10,561 - home-delivery-bridge-product - INFO - ------------------------------------------------------- 
2025-05-21 18:21:10,562 - inventoryHelper - INFO - Batch Inventory load ...
2025-05-21 18:21:10,563 - ocapi-data-client - INFO - Setting Inventory data for Inventory List >> "ref-vrn-inventory" >> SKU: 1313801BLK0XS >> quantity: 0 ...
2025-05-21 18:21:10,624 - ocapi-data-client - INFO - Setting Inventory data for Inventory List >> "ref-cvh-inventory" >> SKU: 1313801BLK0XS >> quantity: 0 ...
2025-05-21 18:21:10,682 - ocapi-data-client - INFO - Setting Inventory data for Inventory List >> "ref-brd-inventory" >> SKU: 1313801BLK0XS >> quantity: 100 ...
2025-05-21 18:21:10,743 - ocapi-data-client - INFO - Setting Inventory data for Inventory List >> "ref-web-inventory" >> SKU: 1313801BLK0XS >> quantity: 100 ...
2025-05-21 18:21:10,800 - ocapi-data-client - INFO - Setting Inventory data for Inventory List >> "ref-bos-inventory" >> SKU: 1313801BLK0XS >> quantity: 0 ...
2025-05-21 18:21:10,854 - inventoryHelper - INFO - -------- Done adding inventory records to SFCC ...
2025-05-21 18:21:10,854 - home-delivery-bridge-product - INFO - Successfully initialized Home Delivery BRIDGE Product ...
2025-05-21 18:21:10,854 - home-delivery-bridge-product - INFO - ------------------------------------------------------- 
2025-05-21 18:21:10,854 - global-inventory.setup - INFO - ------------------------------------------------------- 
2025-05-21 18:21:10,854 - global-inventory.setup - INFO - ---- DONE LOADING THE BASELINE PRODUCTS on STARTUP ---- 
2025-05-21 18:21:10,854 - global-inventory.setup - INFO - ------------------------------------------------------- 
]]>
      </system-out>
    </testcase>
  </testsuite>
  <testsuite name="baseline/home-delivery/test-home-delivery-logged-in.spec.js" timestamp="2025-05-21T18:21:07.508Z" hostname="chromium" tests="1" failures="0" skipped="0" time="43.989" errors="0">
    <testcase name="TestBaselineHomeDeliveryLoggedIn › test_simple_home_delivery_order_logged_in" classname="baseline/home-delivery/test-home-delivery-logged-in.spec.js" time="43.989">
      <system-out>
        <![CDATA[2025-05-21 18:21:12,096 - test-home-delivery-logged-in.spec - INFO - Started test_simple_home_delivery_order_logged_in
2025-05-21 18:21:12,097 - ref-common - INFO - ----------------------------------------------------------------------------------------------------------------------------------------------------------------------------------
2025-05-21 18:21:12,097 - ref-common - INFO - Attempting to set the Attentive [__attentive_vf] cookie on domain [ development.thereformation.com
 ] prior to testing in order to prevent the Email Signup popup from interrupting test flow ...
2025-05-21 18:21:12,098 - ref-common - INFO - ----------------------------------------------------------------------------------------------------------------------------------------------------------------------------------
2025-05-21 18:21:12,106 - ref-common - INFO - Current Cookie list for domain [ development.thereformation.com
 ]:
2025-05-21 18:21:12,110 - ref-common - INFO - [{"name":"__attentive_vf","value":"true","domain":"development.thereformation.com","path":"/","expires":-1,"httpOnly":false,"secure":true,"sameSite":"None"}]
2025-05-21 18:21:18,568 - navigation-common - INFO - Navigated to pdp - https://development.thereformation.com/products/1313793IVO.html
2025-05-21 18:21:24,363 - Page - INFO - Login was successful ...
2025-05-21 18:21:31,287 - navigation-common - INFO - Clicked the 'View Bag' link on the home page ...
2025-05-21 18:21:32,290 - navigation-common - INFO - 'skip_atc_confirmation' query parameter is NOT set on the url ...
2025-05-21 18:21:32,291 - navigation-common - INFO - ATC confirmation should NOT be skipped ...
2025-05-21 18:21:32,318 - navigation-common - INFO - Neither MINICART overlay was displayed.  No basket_id was retrieved ...
2025-05-21 18:21:32,318 - ref-common - INFO - No basket exists for cleanup ...  Moving on, nothing to see here ...
2025-05-21 18:21:32,320 - navigation-common - INFO - 'skip_atc_confirmation' query parameter is NOT set on the url ...
2025-05-21 18:21:32,320 - navigation-common - INFO - ATC confirmation should NOT be skipped ...
2025-05-21 18:21:32,395 - bag-quick-view-page - INFO - Attempting to close the EMPTY MINICART ...
2025-05-21 18:21:32,396 - bag-quick-view-page - INFO - Successfully closed the EMPTY MINICART ...
2025-05-21 18:21:32,410 - product-display-page - WARN - An attempt was made to click the ALT PDP 'More details' link, but NONE was found. Ignoring this attempt ...
2025-05-21 18:21:33,584 - product-display-page - INFO - Clicked the size button: 006
2025-05-21 18:21:35,108 - product-display-page - INFO - Clicked the add to bag button ...
2025-05-21 18:21:35,108 - ref-common - INFO - Successfully added item to bag ...
2025-05-21 18:21:35,110 - ref-common - INFO - Retrieving the SFCC basket object ...
2025-05-21 18:21:35,376 - navigation-common - INFO - Clicked the 'View Bag' link on the home page ...
2025-05-21 18:21:36,385 - navigation-common - INFO - 'skip_atc_confirmation' query parameter is NOT set on the url ...
2025-05-21 18:21:36,385 - navigation-common - INFO - ATC confirmation should NOT be skipped ...
2025-05-21 18:21:36,848 - navigation-common - INFO - basket_id retrieved from the ADD to BAG overlay [ e3673db0cb155968991c7dae2d ]
2025-05-21 18:21:36,850 - ocapi-shop-client - INFO - Attempting to retrieve the SFCC basket via OCAPI for basket_id [ e3673db0cb155968991c7dae2d ]
2025-05-21 18:21:37,055 - ocapi-shop-auth - INFO - Successfully retrieved the OCAPI bearer access_token ...
2025-05-21 18:21:37,115 - ocapi-request-template - INFO - Successfully looked up [ e3673db0cb155968991c7dae2d ] from OCAPI (return code: 200)
2025-05-21 18:21:37,117 - home-delivery-common - INFO - Attempting to assert the values in the current Home Delivery basket PRE Checkout ...
2025-05-21 18:21:37,118 - home-delivery-pre-checkout-basket-assertion - INFO - PRE Checkout Shipping list contains [ 1 ] shipments ...
2025-05-21 18:21:37,119 - home-delivery-pre-checkout-basket-assertion - INFO - Attempting to verify the c_promisedDeliveryDate on the home_delivery shipment ...
2025-05-21 18:21:37,119 - home-delivery-common - INFO - Successfully asserted values for PRE Checkout Home Delivery basket ...
2025-05-21 18:21:37,121 - navigation-common - INFO - Proceeding to checkout ...
2025-05-21 18:21:37,769 - navigation-common - INFO - Successfully clicked the checkout button from the ADD to BAG overlay ...
2025-05-21 18:21:37,771 - navigation-common - INFO - Checking if signin is required ...
2025-05-21 18:21:39,775 - checkout-sign-in-page - INFO - Guest Checkout button is not visible, assuming we are already signed in.
2025-05-21 18:21:39,775 - navigation-common - INFO - No sign in required ...
2025-05-21 18:21:39,777 - ref-common-logged-in - INFO - (logged in) Waited for Shipping Page to load ...
2025-05-21 18:21:39,777 - navigation-common - INFO - Attempting to click the payment button on the Checkout Shipping Page ...
2025-05-21 18:21:46,573 - navigation-common - INFO - Payment button was successfully clicked ...
2025-05-21 18:21:48,113 - ref-common-logged-in - INFO - (logged in) Waited for Review Page to load ...
2025-05-21 18:21:48,154 - checkout-payment-page - INFO - Using existing credit card information ...
2025-05-21 18:21:48,155 - checkout-payment-page - INFO - Attempting to click the Review Order button ...
2025-05-21 18:21:49,120 - checkout-payment-page - INFO - Review button was successfully clicked ...
2025-05-21 18:21:49,153 - checkout-payment-page - INFO - Waited for Place Order Page to load ...
2025-05-21 18:21:49,153 - navigation-common - INFO - Attempting to Place order ...
2025-05-21 18:21:49,153 - checkout-payment-page - INFO - Attempting to click the Place Order button ...
2025-05-21 18:21:54,748 - checkout-payment-page - INFO - Place Order button was successfully clicked ...
2025-05-21 18:21:54,748 - ref-common-logged-in - INFO - Checkout completed ... Attempting to retrieve the order from OCAPI ...
2025-05-21 18:21:55,829 - ref-common - INFO - Parsed order # from the Confirmation Page [ SD00071399 ]
2025-05-21 18:21:55,830 - ocapi-shop-client - INFO - Attempting to retrieve the SFCC order via OCAPI for order_number [ SD00071399 ]
2025-05-21 18:21:55,925 - ocapi-shop-auth - INFO - Successfully retrieved the OCAPI bearer access_token ...
2025-05-21 18:21:55,962 - ocapi-request-template - INFO - Successfully looked up [ SD00071399 ] from OCAPI (return code: 200)
2025-05-21 18:21:55,962 - ref-common - INFO - Order JSON was retrieved for order [ SD00071399 ]
2025-05-21 18:21:55,962 - home-delivery-common - INFO - Attempting to assert the values in the current Home Delivery order AFTER Checkout ...
2025-05-21 18:21:55,963 - home-delivery-common - INFO - Successfully asserted values for Home Delivery order ...
2025-05-21 18:21:55,963 - test-home-delivery-logged-in.spec - INFO - Finished test_simple_home_delivery_order_logged_in
]]>
      </system-out>
    </testcase>
  </testsuite>
  <testsuite name="baseline/home-delivery/test-home-delivery-promo-code-logged-in.spec.js" timestamp="2025-05-21T18:21:07.508Z" hostname="chromium" tests="1" failures="1" skipped="0" time="160.494" errors="0">
    <testcase name="Baseline Home Delivery Logged In › test_simple_home_delivery_promo_code_order_logged_in" classname="baseline/home-delivery/test-home-delivery-promo-code-logged-in.spec.js" time="160.494">
      <failure message="test-home-delivery-promo-code-logged-in.spec.js:26:9 test_simple_home_delivery_promo_code_order_logged_in" type="FAILURE">
        <![CDATA[  [chromium] › baseline/home-delivery/test-home-delivery-promo-code-logged-in.spec.js:26:9 › Baseline Home Delivery Logged In › test_simple_home_delivery_promo_code_order_logged_in 

    Error: Timed out 5000ms waiting for expect(locator).toBeVisible()

    Locator: getByText('automated-testing')
    Expected: visible
    Received: <element(s) not found>
    Call log:
      - expect.toBeVisible with timeout 5000ms
      - waiting for getByText('automated-testing')


       at ../pages/checkout-payment-page.js:189

      187 |     async verifyPromoCodeApplied() {
      188 |         const promoCodeText = promoCodeData.promo_data.coupon_code;
    > 189 |         await expect(this.page.getByText(promoCodeText)).toBeVisible();
          |                                                          ^
      190 |         if (await this.page.getByText(promoCodeText).isVisible()) {
      191 |             this.refLogger.info(`Promo code >> ${promoCodeText} << applied successfully`);
      192 |         }
        at CheckoutPaymentPage.verifyPromoCodeApplied (/home/runner/work/js-qa-automation/js-qa-automation/pages/checkout-payment-page.js:189:58)
        at REFCommon.addPromoCode (/home/runner/work/js-qa-automation/js-qa-automation/helpers/ref-common.js:123:35)
        at REFCommonLoggedIn.proceedToCheckout (/home/runner/work/js-qa-automation/js-qa-automation/helpers/ref-common-logged-in.js:59:9)
        at HomeDeliveryCommonLoggedIn.proceedToCheckoutAndVerifyHomeDelivery (/home/runner/work/js-qa-automation/js-qa-automation/tests/baseline/home-delivery/common/home-delivery-common-logged-in.js:36:25)
        at /home/runner/work/js-qa-automation/js-qa-automation/tests/baseline/home-delivery/test-home-delivery-promo-code-logged-in.spec.js:54:17

    Retry #1 ───────────────────────────────────────────────────────────────────────────────────────

    Test timeout of 60000ms exceeded.

    Error: locator.click: Test timeout of 60000ms exceeded.
    Call log:
      - waiting for locator('#minicart-link-desktop')
        - locator resolved to <a role="button" aria-expanded="false" id="minicart-link-desktop" data-minicart-component="trigger" data-header-component="focus-manager" title="Shopping cart, 1 item in your cart." aria-controls="minicart-link-desktop--target" aria-label="Shopping cart, 1 item in your cart." href="https://development.thereformation.com/cart" data-action-url="/on/demandware.store/Sites-reformation-us-Site/en_US/Cart-MiniCartShow" class="header__utility-anchor header__utility-anchor--with-icon flex flex-align-base…>…</a>
      - attempting click action
        2 × waiting for element to be visible, enabled and stable
          - element is visible, enabled and stable
          - scrolling into view if needed
          - done scrolling
          - <div data-atc-notification="" class="atc-confirmation__overlay-inner">…</div> from <footer class="footer">…</footer> subtree intercepts pointer events
        - retrying click action
        - waiting 20ms
        - waiting for element to be visible, enabled and stable
        - element is visible, enabled and stable
        - scrolling into view if needed
        - done scrolling
        - <div data-atc-notification="" class="atc-confirmation__overlay-inner">…</div> from <footer class="footer">…</footer> subtree intercepts pointer events
      2 × retrying click action
          - waiting 100ms
          - waiting for element to be visible, enabled and stable
          - element is visible, enabled and stable
          - scrolling into view if needed
          - done scrolling
          - <div tabindex="-1" role="dialog" aria-modal="true" class="window-modal__content">…</div> from <footer class="footer">…</footer> subtree intercepts pointer events
      14 × retrying click action
           - waiting 500ms
           - waiting for element to be visible, enabled and stable
           - element is visible, enabled and stable
           - scrolling into view if needed
           - done scrolling
           - <div data-atc-notification="" class="atc-confirmation__overlay-inner">…</div> from <footer class="footer">…</footer> subtree intercepts pointer events
         - retrying click action
           - waiting 500ms
           - waiting for element to be visible, enabled and stable
           - element is visible, enabled and stable
           - scrolling into view if needed
           - done scrolling
           - <div data-atc-notification="" class="atc-confirmation__overlay-inner">…</div> from <footer class="footer">…</footer> subtree intercepts pointer events
         - retrying click action
           - waiting 500ms
           - waiting for element to be visible, enabled and stable
           - element is visible, enabled and stable
           - scrolling into view if needed
           - done scrolling
           - <div tabindex="-1" role="dialog" aria-modal="true" class="window-modal__content">…</div> from <footer class="footer">…</footer> subtree intercepts pointer events
         - retrying click action
           - waiting 500ms
           - waiting for element to be visible, enabled and stable
           - element is visible, enabled and stable
           - scrolling into view if needed
           - done scrolling
           - <div tabindex="-1" role="dialog" aria-modal="true" class="window-modal__content">…</div> from <footer class="footer">…</footer> subtree intercepts pointer events
      - retrying click action
        - waiting 500ms
        - waiting for element to be visible, enabled and stable
        - element is visible, enabled and stable
        - scrolling into view if needed
        - done scrolling
        - <div data-atc-notification="" class="atc-confirmation__overlay-inner">…</div> from <footer class="footer">…</footer> subtree intercepts pointer events
      - retrying click action
        - waiting 500ms


       at ../pages/HomePage.js:289

      287 |         else if (desktopBagVisible) {
      288 |             this.refLogger.debug('Clicking on the desktop my bag icon ....');
    > 289 |             await this.myBagDesktop.click();
          |                                     ^
      290 |             this.refLogger.debug('VIEW BAG dialog is open on desktop ...');
      291 |         }
      292 |         else {
        at HomePage.viewBag (/home/runner/work/js-qa-automation/js-qa-automation/pages/HomePage.js:289:37)
        at NavigationCommon.openMiniCart (/home/runner/work/js-qa-automation/js-qa-automation/helpers/navigation-common.js:72:13)
        at NavigationCommon.getBasketIdFromMinicart (/home/runner/work/js-qa-automation/js-qa-automation/helpers/navigation-common.js:132:9)
        at REFCommon.getBasketFromMinicartBasketId (/home/runner/work/js-qa-automation/js-qa-automation/helpers/ref-common.js:66:26)
        at HomeDeliveryCommonLoggedIn.retrieveAndAssertInitialBasketValues (/home/runner/work/js-qa-automation/js-qa-automation/tests/baseline/home-delivery/common/home-delivery-common-logged-in.js:17:28)
        at /home/runner/work/js-qa-automation/js-qa-automation/tests/baseline/home-delivery/test-home-delivery-promo-code-logged-in.spec.js:45:17

    attachment #2: trace (application/zip) ─────────────────────────────────────────────────────────
    test-results/baseline-home-delivery-tes-40823--promo-code-order-logged-in-chromium-retry1/trace.zip
    Usage:

        npx playwright show-trace test-results/baseline-home-delivery-tes-40823--promo-code-order-logged-in-chromium-retry1/trace.zip

    ────────────────────────────────────────────────────────────────────────────────────────────────

    Retry #2 ───────────────────────────────────────────────────────────────────────────────────────

    Test timeout of 60000ms exceeded.

    Error: locator.click: Test timeout of 60000ms exceeded.
    Call log:
      - waiting for locator('[data-attr="size"]').nth(3)
        - locator resolved to <button type="button" data-attr="size" data-attr-size="" data-attr-intl="" data-title="Size: 6" aria-label="Size: 6" aria-pressed="false" data-attr-value="006" data-entry-pdp="false" data-attr-type="anchor" data-attr-selectable="true" data-attr-size-type="numeric" data-attr-currency-code="USD" class="↵            product-attribute__anchor↵            anchor--size↵            ↵            selectable↵            " data-url="https://development.thereformation.com/on/demandware.store/Sites-reformation-us-…>6</button>
      - attempting click action
        2 × waiting for element to be visible, enabled and stable
          - element is visible, enabled and stable
          - scrolling into view if needed
          - done scrolling
          - <div tabindex="-1" role="dialog" aria-modal="true" data-focustrap-enabled="true" data-minicart-component="overlay" id="minicart-link-desktop--target" aria-labelledby="minicart-link-desktop" class="header__minicart-overlay utility-overlay toggle--active"></div> from <header data-header-component="header-container" class="header-container fixit-container set--overlay">…</header> subtree intercepts pointer events
        - retrying click action
        - waiting 20ms
        2 × waiting for element to be visible, enabled and stable
          - element is visible, enabled and stable
          - scrolling into view if needed
          - done scrolling
          - <div tabindex="-1" role="dialog" aria-modal="true" data-focustrap-enabled="true" data-minicart-component="overlay" id="minicart-link-desktop--target" aria-labelledby="minicart-link-desktop" class="header__minicart-overlay utility-overlay toggle--active"></div> from <header data-header-component="header-container" class="header-container fixit-container set--overlay">…</header> subtree intercepts pointer events
        - retrying click action
          - waiting 100ms
        20 × waiting for element to be visible, enabled and stable
           - element is visible, enabled and stable
           - scrolling into view if needed
           - done scrolling
           - <div data-minicart-component="container" class="flex flex-align-baseline flex-justify-between">…</div> from <header data-header-component="header-container" class="header-container fixit-container set--overlay fixed--scrolled">…</header> subtree intercepts pointer events
         - retrying click action
           - waiting 500ms
           - waiting for element to be visible, enabled and stable
           - element is visible, enabled and stable
           - scrolling into view if needed
           - done scrolling
           - <div data-gtm-vis-has-fired31320836_908="1" data-gtm-vis-first-on-screen31320836_908="6035" data-gtm-vis-recent-on-screen31320836_908="6035" data-gtm-vis-total-visible-time31320836_908="100" class="header__minicart-overlay-inner express_checkout_container">…</div> from <header data-header-component="header-container" class="header-container fixit-container set--overlay fixed--scrolled">…</header> subtree intercepts pointer events
         - retrying click action
           - waiting 500ms
           - waiting for element to be visible, enabled and stable
           - element is visible, enabled and stable
           - scrolling into view if needed
           - done scrolling
           - <img alt="Melanie Top" title="Melanie Top" data-line-item-component="image" class="product-image cld-responsive" sizes="(max-width: 480px) 200px, (max-width: 768px) 113px" onerror="this.onerror=null;this.srcset='data:image/gif;base64,iVBORw0KGgoAAAANSUhEUgAAAp4AAAN9AQMAAAAAH+tIAAAAA1BMVEX4+Phzrg4pAAAAYElEQVQYGe3BMQEAAADCIPunXgdvYAAAAAAAAAAAAAAAAAAAAAAAAAAAAAAAAAAAAAAAAAAAAAAAAAAAAAAAAAAAAAAAAAAAAAAAAAAAAAAAAAAAAAAAAAAAAAAAAADwCCiQAAGDtziFAAAAAElFTkSuQmCC';" src="https://media.thereformation.com/ima…/> from <header data-header-component="header-container" class="header-container fixit-container set--overlay">…</header> subtree intercepts pointer events
         - retrying click action
           - waiting 500ms
           - waiting for element to be visible, enabled and stable
           - element is visible, enabled and stable
           - scrolling into view if needed
           - done scrolling
           - <div data-minicart-component="container" class="flex flex-align-baseline flex-justify-between">…</div> from <header data-header-component="header-container" class="header-container fixit-container set--overlay">…</header> subtree intercepts pointer events
         - retrying click action
           - waiting 500ms
        - waiting for element to be visible, enabled and stable
        - element is visible, enabled and stable
        - scrolling into view if needed
        - done scrolling
        - <div data-minicart-component="container" class="flex flex-align-baseline flex-justify-between">…</div> from <header data-header-component="header-container" class="header-container fixit-container set--overlay fixed--scrolled">…</header> subtree intercepts pointer events
      - retrying click action
        - waiting 500ms
        - waiting for element to be visible, enabled and stable
        - element is visible, enabled and stable
        - scrolling into view if needed
        - done scrolling


       at ../pages/product-display-page.js:180

      178 |         const sizeCell = await this.getSizeCell(size);
      179 |         await this.page.waitForTimeout(1000);
    > 180 |         await sizeCell.click();
          |                        ^
      181 |         this.refLogger.info(`Clicked the size button: ${size}`);
      182 |         await this.page.waitForTimeout(1000); // removing this wait breaks the node code - find a replacement
      183 |
        at ProductDisplayPage.addSizedItemToBag (/home/runner/work/js-qa-automation/js-qa-automation/pages/product-display-page.js:180:24)
        at REFCommon.addItemToBag (/home/runner/work/js-qa-automation/js-qa-automation/helpers/ref-common.js:58:9)
        at /home/runner/work/js-qa-automation/js-qa-automation/tests/baseline/home-delivery/test-home-delivery-promo-code-logged-in.spec.js:41:17
]]>
      </failure>
      <system-out>
        <![CDATA[2025-05-21 18:21:56,078 - test-home-delivery-promo-code-logged-in.spec - INFO - Started test_simple_home_delivery_promo_code_order_logged_in
2025-05-21 18:21:56,079 - ref-common - INFO - ----------------------------------------------------------------------------------------------------------------------------------------------------------------------------------
2025-05-21 18:21:56,081 - ref-common - INFO - Attempting to set the Attentive [__attentive_vf] cookie on domain [ development.thereformation.com
 ] prior to testing in order to prevent the Email Signup popup from interrupting test flow ...
2025-05-21 18:21:56,081 - ref-common - INFO - ----------------------------------------------------------------------------------------------------------------------------------------------------------------------------------
2025-05-21 18:21:56,082 - ref-common - INFO - Current Cookie list for domain [ development.thereformation.com
 ]:
2025-05-21 18:21:56,085 - ref-common - INFO - [{"name":"__attentive_vf","value":"true","domain":"development.thereformation.com","path":"/","expires":-1,"httpOnly":false,"secure":true,"sameSite":"None"}]
2025-05-21 18:21:59,420 - navigation-common - INFO - Navigated to pdp - https://development.thereformation.com/products/1313793IVO.html
2025-05-21 18:22:05,193 - Page - INFO - Login was successful ...
2025-05-21 18:22:11,554 - navigation-common - INFO - Clicked the 'View Bag' link on the home page ...
2025-05-21 18:22:12,558 - navigation-common - INFO - 'skip_atc_confirmation' query parameter is NOT set on the url ...
2025-05-21 18:22:12,558 - navigation-common - INFO - ATC confirmation should NOT be skipped ...
2025-05-21 18:22:12,604 - navigation-common - INFO - Neither MINICART overlay was displayed.  No basket_id was retrieved ...
2025-05-21 18:22:12,604 - ref-common - INFO - No basket exists for cleanup ...  Moving on, nothing to see here ...
2025-05-21 18:22:12,606 - navigation-common - INFO - 'skip_atc_confirmation' query parameter is NOT set on the url ...
2025-05-21 18:22:12,606 - navigation-common - INFO - ATC confirmation should NOT be skipped ...
2025-05-21 18:22:12,725 - bag-quick-view-page - INFO - Attempting to close the EMPTY MINICART ...
2025-05-21 18:22:12,727 - bag-quick-view-page - INFO - Successfully closed the EMPTY MINICART ...
2025-05-21 18:22:12,748 - product-display-page - WARN - An attempt was made to click the ALT PDP 'More details' link, but NONE was found. Ignoring this attempt ...
2025-05-21 18:22:14,018 - product-display-page - INFO - Clicked the size button: 006
2025-05-21 18:22:15,527 - product-display-page - INFO - Clicked the add to bag button ...
2025-05-21 18:22:15,527 - ref-common - INFO - Successfully added item to bag ...
2025-05-21 18:22:15,528 - ref-common - INFO - Retrieving the SFCC basket object ...
2025-05-21 18:22:15,879 - navigation-common - INFO - Clicked the 'View Bag' link on the home page ...
2025-05-21 18:22:16,888 - navigation-common - INFO - 'skip_atc_confirmation' query parameter is NOT set on the url ...
2025-05-21 18:22:16,888 - navigation-common - INFO - ATC confirmation should NOT be skipped ...
2025-05-21 18:22:17,454 - navigation-common - INFO - basket_id retrieved from the ADD to BAG overlay [ d6f42b372c1caa00284f6696b1 ]
2025-05-21 18:22:17,454 - ocapi-shop-client - INFO - Attempting to retrieve the SFCC basket via OCAPI for basket_id [ d6f42b372c1caa00284f6696b1 ]
2025-05-21 18:22:17,539 - ocapi-shop-auth - INFO - Successfully retrieved the OCAPI bearer access_token ...
2025-05-21 18:22:17,572 - ocapi-request-template - INFO - Successfully looked up [ d6f42b372c1caa00284f6696b1 ] from OCAPI (return code: 200)
2025-05-21 18:22:17,574 - home-delivery-common - INFO - Attempting to assert the values in the current Home Delivery basket PRE Checkout ...
2025-05-21 18:22:17,575 - home-delivery-pre-checkout-basket-assertion - INFO - PRE Checkout Shipping list contains [ 1 ] shipments ...
2025-05-21 18:22:17,575 - home-delivery-pre-checkout-basket-assertion - INFO - Attempting to verify the c_promisedDeliveryDate on the home_delivery shipment ...
2025-05-21 18:22:17,575 - home-delivery-common - INFO - Successfully asserted values for PRE Checkout Home Delivery basket ...
DEBUG:  US
DEBUG: inputJSON: US
2025-05-21 18:22:17,578 - navigation-common - INFO - Proceeding to checkout ...
2025-05-21 18:22:18,387 - navigation-common - INFO - Successfully clicked the checkout button from the ADD to BAG overlay ...
2025-05-21 18:22:18,390 - navigation-common - INFO - Checking if signin is required ...
2025-05-21 18:22:20,391 - checkout-sign-in-page - INFO - Guest Checkout button is not visible, assuming we are already signed in.
2025-05-21 18:22:20,391 - navigation-common - INFO - No sign in required ...
2025-05-21 18:22:20,392 - ref-common-logged-in - INFO - (Promo) Waited for Shipping Page to load ...
2025-05-21 18:22:20,392 - navigation-common - INFO - Attempting to click the payment button on the Checkout Shipping Page ...
2025-05-21 18:22:26,066 - navigation-common - INFO - Payment button was successfully clicked ...
2025-05-21 18:22:27,574 - ref-common-logged-in - INFO - (Promo) Waited for Review Page to load ...
2025-05-21 18:22:27,574 - ref-common-logged-in - INFO - Attempting to add promo code ...
2025-05-21 18:22:35,028 - test-home-delivery-promo-code-logged-in.spec - INFO - Started test_simple_home_delivery_promo_code_order_logged_in
2025-05-21 18:22:35,030 - ref-common - INFO - ----------------------------------------------------------------------------------------------------------------------------------------------------------------------------------
2025-05-21 18:22:35,030 - ref-common - INFO - Attempting to set the Attentive [__attentive_vf] cookie on domain [ development.thereformation.com
 ] prior to testing in order to prevent the Email Signup popup from interrupting test flow ...
2025-05-21 18:22:35,030 - ref-common - INFO - ----------------------------------------------------------------------------------------------------------------------------------------------------------------------------------
2025-05-21 18:22:35,034 - ref-common - INFO - Current Cookie list for domain [ development.thereformation.com
 ]:
2025-05-21 18:22:35,050 - ref-common - INFO - [{"name":"__attentive_vf","value":"true","domain":"development.thereformation.com","path":"/","expires":-1,"httpOnly":false,"secure":true,"sameSite":"None"}]
2025-05-21 18:22:38,930 - navigation-common - INFO - Navigated to pdp - https://development.thereformation.com/products/1313793IVO.html
2025-05-21 18:22:47,953 - Page - INFO - Login was successful ...
2025-05-21 18:22:53,748 - navigation-common - INFO - Clicked the 'View Bag' link on the home page ...
2025-05-21 18:22:54,866 - navigation-common - INFO - 'skip_atc_confirmation' query parameter is NOT set on the url ...
2025-05-21 18:22:54,868 - navigation-common - INFO - ATC confirmation should NOT be skipped ...
2025-05-21 18:22:56,658 - navigation-common - INFO - basket_id retrieved from the standard MINICART [ d6f42b372c1caa00284f6696b1 ]
2025-05-21 18:22:56,658 - ocapi-shop-client - INFO - Attempting to delete SFCC basket via OCAPI for basket_id [ d6f42b372c1caa00284f6696b1 ]
2025-05-21 18:22:56,833 - ocapi-shop-auth - INFO - Successfully retrieved the OCAPI bearer access_token ...
2025-05-21 18:22:56,868 - ocapi-request-template - INFO - Successfully deleted [ d6f42b372c1caa00284f6696b1 ] from OCAPI (return code: 204)
2025-05-21 18:22:56,870 - navigation-common - INFO - 'skip_atc_confirmation' query parameter is NOT set on the url ...
2025-05-21 18:22:56,870 - navigation-common - INFO - ATC confirmation should NOT be skipped ...
2025-05-21 18:22:57,682 - bag-quick-view-page - INFO - Attempting to close the MINICART ....
2025-05-21 18:22:57,944 - bag-quick-view-page - INFO - Successfully closed the MINICART ....
2025-05-21 18:22:58,110 - product-display-page - WARN - An attempt was made to click the ALT PDP 'More details' link, but NONE was found. Ignoring this attempt ...
2025-05-21 18:22:59,845 - product-display-page - INFO - Clicked the size button: 006
2025-05-21 18:23:01,181 - product-display-page - INFO - Clicked the add to bag button ...
2025-05-21 18:23:01,181 - ref-common - INFO - Successfully added item to bag ...
2025-05-21 18:23:01,183 - ref-common - INFO - Retrieving the SFCC basket object ...

[[ATTACHMENT|test-results/baseline-home-delivery-tes-40823--promo-code-order-logged-in-chromium-retry1/trace.zip]]
2025-05-21 18:23:40,578 - test-home-delivery-promo-code-logged-in.spec - INFO - Started test_simple_home_delivery_promo_code_order_logged_in
2025-05-21 18:23:40,580 - ref-common - INFO - ----------------------------------------------------------------------------------------------------------------------------------------------------------------------------------
2025-05-21 18:23:40,580 - ref-common - INFO - Attempting to set the Attentive [__attentive_vf] cookie on domain [ development.thereformation.com
 ] prior to testing in order to prevent the Email Signup popup from interrupting test flow ...
2025-05-21 18:23:40,580 - ref-common - INFO - ----------------------------------------------------------------------------------------------------------------------------------------------------------------------------------
2025-05-21 18:23:40,584 - ref-common - INFO - Current Cookie list for domain [ development.thereformation.com
 ]:
2025-05-21 18:23:40,590 - ref-common - INFO - [{"name":"__attentive_vf","value":"true","domain":"development.thereformation.com","path":"/","expires":-1,"httpOnly":false,"secure":true,"sameSite":"None"}]
2025-05-21 18:23:43,849 - navigation-common - INFO - Navigated to pdp - https://development.thereformation.com/products/1313793IVO.html
2025-05-21 18:23:49,521 - Page - INFO - Login was successful ...
2025-05-21 18:23:55,881 - navigation-common - INFO - Clicked the 'View Bag' link on the home page ...
2025-05-21 18:23:56,885 - navigation-common - INFO - 'skip_atc_confirmation' query parameter is NOT set on the url ...
2025-05-21 18:23:56,885 - navigation-common - INFO - ATC confirmation should NOT be skipped ...
2025-05-21 18:23:56,907 - navigation-common - INFO - Neither MINICART overlay was displayed.  No basket_id was retrieved ...
2025-05-21 18:23:56,907 - ref-common - INFO - No basket exists for cleanup ...  Moving on, nothing to see here ...
2025-05-21 18:23:56,909 - navigation-common - INFO - 'skip_atc_confirmation' query parameter is NOT set on the url ...
2025-05-21 18:23:56,909 - navigation-common - INFO - ATC confirmation should NOT be skipped ...
2025-05-21 18:23:56,953 - product-display-page - WARN - An attempt was made to click the ALT PDP 'More details' link, but NONE was found. Ignoring this attempt ...
]]>
      </system-out>
    </testcase>
  </testsuite>
  <testsuite name="baseline/in-store-pickup/test-ispu-logged-in.spec.js" timestamp="2025-05-21T18:21:07.508Z" hostname="chromium" tests="1" failures="1" skipped="0" time="181.922" errors="0">
    <testcase name="TestBaselineISPULoggedIn › test_simple_ispu_order_logged_in" classname="baseline/in-store-pickup/test-ispu-logged-in.spec.js" time="181.922">
      <failure message="test-ispu-logged-in.spec.js:25:9 test_simple_ispu_order_logged_in" type="FAILURE">
        <![CDATA[  [chromium] › baseline/in-store-pickup/test-ispu-logged-in.spec.js:25:9 › TestBaselineISPULoggedIn › test_simple_ispu_order_logged_in 

    Test timeout of 60000ms exceeded.

    Error: locator.click: Test timeout of 60000ms exceeded.
    Call log:
      - waiting for locator('[data-attr="size"]').nth(2)
        - locator resolved to <button type="button" data-attr="size" data-attr-size="" data-attr-intl="" data-title="Size: 4" aria-label="Size: 4" aria-pressed="false" data-attr-value="004" data-entry-pdp="false" data-attr-type="anchor" data-attr-selectable="true" data-attr-size-type="numeric" data-attr-currency-code="USD" class="↵            product-attribute__anchor↵            anchor--size↵            ↵            selectable↵            " data-url="https://development.thereformation.com/on/demandware.store/Sites-reformation-us-…>4</button>
      - attempting click action
        2 × waiting for element to be visible, enabled and stable
          - element is visible, enabled and stable
          - scrolling into view if needed
          - done scrolling
          - <div tabindex="-1" role="dialog" aria-modal="true" data-focustrap-enabled="true" data-minicart-component="overlay" id="minicart-link-desktop--target" aria-labelledby="minicart-link-desktop" class="header__minicart-overlay utility-overlay toggle--active"></div> from <header data-header-component="header-container" class="header-container fixit-container set--overlay">…</header> subtree intercepts pointer events
        - retrying click action
        - waiting 20ms
        2 × waiting for element to be visible, enabled and stable
          - element is visible, enabled and stable
          - scrolling into view if needed
          - done scrolling
          - <div tabindex="-1" role="dialog" aria-modal="true" data-focustrap-enabled="true" data-minicart-component="overlay" id="minicart-link-desktop--target" aria-labelledby="minicart-link-desktop" class="header__minicart-overlay utility-overlay toggle--active"></div> from <header data-header-component="header-container" class="header-container fixit-container set--overlay">…</header> subtree intercepts pointer events
        - retrying click action
          - waiting 100ms
        - waiting for element to be visible, enabled and stable
        - element is visible, enabled and stable
        - scrolling into view if needed
        - done scrolling
        - <div tabindex="-1" role="dialog" aria-modal="true" data-focustrap-enabled="true" data-minicart-component="overlay" id="minicart-link-desktop--target" aria-labelledby="minicart-link-desktop" class="header__minicart-overlay utility-overlay toggle--active"></div> from <header data-header-component="header-container" class="header-container fixit-container set--overlay fixed--scrolled">…</header> subtree intercepts pointer events
      - retrying click action
        - waiting 500ms
        - waiting for element to be visible, enabled and stable
        - element is visible, enabled and stable
        - scrolling into view if needed
        - done scrolling
        - <div data-gtm-vis-has-fired31320836_908="1" data-gtm-vis-first-on-screen31320836_908="5228" data-gtm-vis-recent-on-screen31320836_908="5228" data-gtm-vis-total-visible-time31320836_908="100" class="header__minicart-overlay-inner express_checkout_container">…</div> from <header data-header-component="header-container" class="header-container fixit-container set--overlay">…</header> subtree intercepts pointer events
      20 × retrying click action
           - waiting 500ms
           - waiting for element to be visible, enabled and stable
           - element is visible, enabled and stable
           - scrolling into view if needed
           - done scrolling
           - <img alt="Melanie Top" title="Melanie Top" data-line-item-component="image" class="product-image cld-responsive" sizes="(max-width: 480px) 200px, (max-width: 768px) 113px" onerror="this.onerror=null;this.srcset='data:image/gif;base64,iVBORw0KGgoAAAANSUhEUgAAAp4AAAN9AQMAAAAAH+tIAAAAA1BMVEX4+Phzrg4pAAAAYElEQVQYGe3BMQEAAADCIPunXgdvYAAAAAAAAAAAAAAAAAAAAAAAAAAAAAAAAAAAAAAAAAAAAAAAAAAAAAAAAAAAAAAAAAAAAAAAAAAAAAAAAAAAAAAAAAAAAAAAAADwCCiQAAGDtziFAAAAAElFTkSuQmCC';" src="https://media.thereformation.com/ima…/> from <header data-header-component="header-container" class="header-container fixit-container set--overlay">…</header> subtree intercepts pointer events
         - retrying click action
           - waiting 500ms
           - waiting for element to be visible, enabled and stable
           - element is visible, enabled and stable
           - scrolling into view if needed
           - done scrolling
           - <div data-minicart-component="container" class="flex flex-align-baseline flex-justify-between">…</div> from <header data-header-component="header-container" class="header-container fixit-container set--overlay">…</header> subtree intercepts pointer events
         - retrying click action
           - waiting 500ms
           - waiting for element to be visible, enabled and stable
           - element is visible, enabled and stable
           - scrolling into view if needed
           - done scrolling
           - <div data-minicart-component="container" class="flex flex-align-baseline flex-justify-between">…</div> from <header data-header-component="header-container" class="header-container fixit-container set--overlay fixed--scrolled">…</header> subtree intercepts pointer events
         - retrying click action
           - waiting 500ms
           - waiting for element to be visible, enabled and stable
           - element is visible, enabled and stable
           - scrolling into view if needed
           - done scrolling
           - <div data-gtm-vis-has-fired31320836_908="1" data-gtm-vis-first-on-screen31320836_908="5228" data-gtm-vis-recent-on-screen31320836_908="5228" data-gtm-vis-total-visible-time31320836_908="100" class="header__minicart-overlay-inner express_checkout_container">…</div> from <header data-header-component="header-container" class="header-container fixit-container set--overlay fixed--scrolled">…</header> subtree intercepts pointer events
      - retrying click action
        - waiting 500ms
        - waiting for element to be visible, enabled and stable
        - element is visible, enabled and stable
        - scrolling into view if needed
        - done scrolling
        - <img alt="Melanie Top" title="Melanie Top" data-line-item-component="image" class="product-image cld-responsive" sizes="(max-width: 480px) 200px, (max-width: 768px) 113px" onerror="this.onerror=null;this.srcset='data:image/gif;base64,iVBORw0KGgoAAAANSUhEUgAAAp4AAAN9AQMAAAAAH+tIAAAAA1BMVEX4+Phzrg4pAAAAYElEQVQYGe3BMQEAAADCIPunXgdvYAAAAAAAAAAAAAAAAAAAAAAAAAAAAAAAAAAAAAAAAAAAAAAAAAAAAAAAAAAAAAAAAAAAAAAAAAAAAAAAAAAAAAAAAAAAAAAAAADwCCiQAAGDtziFAAAAAElFTkSuQmCC';" src="https://media.thereformation.com/ima…/> from <header data-header-component="header-container" class="header-container fixit-container set--overlay">…</header> subtree intercepts pointer events
      - retrying click action
        - waiting 500ms
        - waiting for element to be visible, enabled and stable


       at ../pages/product-display-page.js:145

      143 |         this.refLogger.info(`Attempting to add size [ ${size} ] for ISPU at ${storeName} (${storeLocation})`);
      144 |         const sizeCell = await this.getSizeCell(size);
    > 145 |         await sizeCell.click();
          |                        ^
      146 |
      147 |         await this.page.waitForNavigation();
      148 |
        at ProductDisplayPage.addSizedItemWithInstorePickupToBag (/home/runner/work/js-qa-automation/js-qa-automation/pages/product-display-page.js:145:24)
        at ISPUCommon.addIspuItemToBag (/home/runner/work/js-qa-automation/js-qa-automation/tests/baseline/in-store-pickup/common/ispu-common.js:57:9)
        at /home/runner/work/js-qa-automation/js-qa-automation/tests/baseline/in-store-pickup/test-ispu-logged-in.spec.js:40:17

    Retry #1 ───────────────────────────────────────────────────────────────────────────────────────

    Test timeout of 60000ms exceeded.

    Error: locator.click: Test timeout of 60000ms exceeded.
    Call log:
      - waiting for locator('#minicart-link-desktop')
        - locator resolved to <a role="button" aria-expanded="false" id="minicart-link-desktop" data-minicart-component="trigger" data-header-component="focus-manager" title="Shopping cart, 1 item in your cart." aria-controls="minicart-link-desktop--target" aria-label="Shopping cart, 1 item in your cart." href="https://development.thereformation.com/cart" data-action-url="/on/demandware.store/Sites-reformation-us-Site/en_US/Cart-MiniCartShow" class="header__utility-anchor header__utility-anchor--with-icon flex flex-align-base…>…</a>
      - attempting click action
        2 × waiting for element to be visible, enabled and stable
          - element is visible, enabled and stable
          - scrolling into view if needed
          - done scrolling
          - <div data-atc-notification="" class="atc-confirmation__overlay-inner">…</div> from <footer class="footer">…</footer> subtree intercepts pointer events
        - retrying click action
        - waiting 20ms
        - waiting for element to be visible, enabled and stable
        - element is visible, enabled and stable
        - scrolling into view if needed
        - done scrolling
        - <div data-atc-notification="" class="atc-confirmation__overlay-inner">…</div> from <footer class="footer">…</footer> subtree intercepts pointer events
      2 × retrying click action
          - waiting 100ms
          - waiting for element to be visible, enabled and stable
          - element is visible, enabled and stable
          - scrolling into view if needed
          - done scrolling
          - <div tabindex="-1" role="dialog" aria-modal="true" class="window-modal__content">…</div> from <footer class="footer">…</footer> subtree intercepts pointer events
      11 × retrying click action
           - waiting 500ms
           - waiting for element to be visible, enabled and stable
           - element is visible, enabled and stable
           - scrolling into view if needed
           - done scrolling
           - <div data-atc-notification="" class="atc-confirmation__overlay-inner">…</div> from <footer class="footer">…</footer> subtree intercepts pointer events
         - retrying click action
           - waiting 500ms
           - waiting for element to be visible, enabled and stable
           - element is visible, enabled and stable
           - scrolling into view if needed
           - done scrolling
           - <div data-atc-notification="" class="atc-confirmation__overlay-inner">…</div> from <footer class="footer">…</footer> subtree intercepts pointer events
         - retrying click action
           - waiting 500ms
           - waiting for element to be visible, enabled and stable
           - element is visible, enabled and stable
           - scrolling into view if needed
           - done scrolling
           - <div tabindex="-1" role="dialog" aria-modal="true" class="window-modal__content">…</div> from <footer class="footer">…</footer> subtree intercepts pointer events
         - retrying click action
           - waiting 500ms
           - waiting for element to be visible, enabled and stable
           - element is visible, enabled and stable
           - scrolling into view if needed
           - done scrolling
           - <div tabindex="-1" role="dialog" aria-modal="true" class="window-modal__content">…</div> from <footer class="footer">…</footer> subtree intercepts pointer events
      2 × retrying click action
          - waiting 500ms
          - waiting for element to be visible, enabled and stable
          - element is visible, enabled and stable
          - scrolling into view if needed
          - done scrolling
          - <div data-atc-notification="" class="atc-confirmation__overlay-inner">…</div> from <footer class="footer">…</footer> subtree intercepts pointer events
      - retrying click action
        - waiting 500ms
        - waiting for element to be visible, enabled and stable
        - element is visible, enabled and stable
        - scrolling into view if needed
        - done scrolling
        - <div tabindex="-1" role="dialog" aria-modal="true" class="window-modal__content">…</div> from <footer class="footer">…</footer> subtree intercepts pointer events
      - retrying click action
        - waiting 500ms


       at ../pages/HomePage.js:289

      287 |         else if (desktopBagVisible) {
      288 |             this.refLogger.debug('Clicking on the desktop my bag icon ....');
    > 289 |             await this.myBagDesktop.click();
          |                                     ^
      290 |             this.refLogger.debug('VIEW BAG dialog is open on desktop ...');
      291 |         }
      292 |         else {
        at HomePage.viewBag (/home/runner/work/js-qa-automation/js-qa-automation/pages/HomePage.js:289:37)
        at NavigationCommon.openMiniCart (/home/runner/work/js-qa-automation/js-qa-automation/helpers/navigation-common.js:72:13)
        at NavigationCommon.getBasketIdFromMinicart (/home/runner/work/js-qa-automation/js-qa-automation/helpers/navigation-common.js:132:9)
        at REFCommon.getBasketFromMinicartBasketId (/home/runner/work/js-qa-automation/js-qa-automation/helpers/ref-common.js:66:26)
        at ISPUCommon.retrieveAndAssertInitialBasketValuesLoggedIn (/home/runner/work/js-qa-automation/js-qa-automation/tests/baseline/in-store-pickup/common/ispu-common.js:34:28)
        at /home/runner/work/js-qa-automation/js-qa-automation/tests/baseline/in-store-pickup/test-ispu-logged-in.spec.js:43:17

    attachment #2: trace (application/zip) ─────────────────────────────────────────────────────────
    test-results/baseline-in-store-pickup-t-6b638-simple-ispu-order-logged-in-chromium-retry1/trace.zip
    Usage:

        npx playwright show-trace test-results/baseline-in-store-pickup-t-6b638-simple-ispu-order-logged-in-chromium-retry1/trace.zip

    ────────────────────────────────────────────────────────────────────────────────────────────────

    Retry #2 ───────────────────────────────────────────────────────────────────────────────────────

    Test timeout of 60000ms exceeded.

    Error: locator.click: Test timeout of 60000ms exceeded.
    Call log:
      - waiting for locator('[data-attr="size"]').nth(2)
        - locator resolved to <button type="button" data-attr="size" data-attr-size="" data-attr-intl="" data-title="Size: 4" aria-label="Size: 4" aria-pressed="false" data-attr-value="004" data-entry-pdp="false" data-attr-type="anchor" data-attr-selectable="true" data-attr-size-type="numeric" data-attr-currency-code="USD" class="↵            product-attribute__anchor↵            anchor--size↵            ↵            selectable↵            " data-url="https://development.thereformation.com/on/demandware.store/Sites-reformation-us-…>4</button>
      - attempting click action
        2 × waiting for element to be visible, enabled and stable
          - element is visible, enabled and stable
          - scrolling into view if needed
          - done scrolling
          - <div tabindex="-1" role="dialog" aria-modal="true" data-focustrap-enabled="true" data-minicart-component="overlay" id="minicart-link-desktop--target" aria-labelledby="minicart-link-desktop" class="header__minicart-overlay utility-overlay toggle--active"></div> from <header data-header-component="header-container" class="header-container fixit-container set--overlay">…</header> subtree intercepts pointer events
        - retrying click action
        - waiting 20ms
        2 × waiting for element to be visible, enabled and stable
          - element is visible, enabled and stable
          - scrolling into view if needed
          - done scrolling
          - <div tabindex="-1" role="dialog" aria-modal="true" data-focustrap-enabled="true" data-minicart-component="overlay" id="minicart-link-desktop--target" aria-labelledby="minicart-link-desktop" class="header__minicart-overlay utility-overlay toggle--active"></div> from <header data-header-component="header-container" class="header-container fixit-container set--overlay">…</header> subtree intercepts pointer events
        - retrying click action
          - waiting 100ms
        - waiting for element to be visible, enabled and stable
        - element is visible, enabled and stable
        - scrolling into view if needed
        - done scrolling
        - <div tabindex="-1" role="dialog" aria-modal="true" data-focustrap-enabled="true" data-minicart-component="overlay" id="minicart-link-desktop--target" aria-labelledby="minicart-link-desktop" class="header__minicart-overlay utility-overlay toggle--active"></div> from <header data-header-component="header-container" class="header-container fixit-container set--overlay fixed--scrolled">…</header> subtree intercepts pointer events
      - retrying click action
        - waiting 500ms
        - waiting for element to be visible, enabled and stable
        - element is visible, enabled and stable
        - scrolling into view if needed
        - done scrolling
        - <div>…</div> from <header data-header-component="header-container" class="header-container fixit-container set--overlay">…</header> subtree intercepts pointer events
      10 × retrying click action
           - waiting 500ms
           - waiting for element to be visible, enabled and stable
           - element is visible, enabled and stable
           - scrolling into view if needed
           - done scrolling
           - <img alt="Melanie Top" title="Melanie Top" data-line-item-component="image" class="product-image cld-responsive" sizes="(max-width: 480px) 200px, (max-width: 768px) 113px" onerror="this.onerror=null;this.srcset='data:image/gif;base64,iVBORw0KGgoAAAANSUhEUgAAAp4AAAN9AQMAAAAAH+tIAAAAA1BMVEX4+Phzrg4pAAAAYElEQVQYGe3BMQEAAADCIPunXgdvYAAAAAAAAAAAAAAAAAAAAAAAAAAAAAAAAAAAAAAAAAAAAAAAAAAAAAAAAAAAAAAAAAAAAAAAAAAAAAAAAAAAAAAAAAAAAAAAAADwCCiQAAGDtziFAAAAAElFTkSuQmCC';" src="https://media.thereformation.com/ima…/> from <header data-header-component="header-container" class="header-container fixit-container set--overlay">…</header> subtree intercepts pointer events
         - retrying click action
           - waiting 500ms
           - waiting for element to be visible, enabled and stable
           - element is visible, enabled and stable
           - scrolling into view if needed
           - done scrolling
           - <div data-minicart-component="container" class="flex flex-align-baseline flex-justify-between">…</div> from <header data-header-component="header-container" class="header-container fixit-container set--overlay">…</header> subtree intercepts pointer events
         - retrying click action
           - waiting 500ms
           - waiting for element to be visible, enabled and stable
           - element is visible, enabled and stable
           - scrolling into view if needed
           - done scrolling
           - <div data-minicart-component="container" class="flex flex-align-baseline flex-justify-between">…</div> from <header data-header-component="header-container" class="header-container fixit-container set--overlay fixed--scrolled">…</header> subtree intercepts pointer events
         - retrying click action
           - waiting 500ms
           - waiting for element to be visible, enabled and stable
           - element is visible, enabled and stable
           - scrolling into view if needed
           - done scrolling
           - <div>…</div> from <header data-header-component="header-container" class="header-container fixit-container set--overlay fixed--scrolled">…</header> subtree intercepts pointer events
      - retrying click action
        - waiting 500ms
        - waiting for element to be visible, enabled and stable
        - element is visible, enabled and stable
        - scrolling into view if needed
        - done scrolling
        - <img alt="Melanie Top" title="Melanie Top" data-line-item-component="image" class="product-image cld-responsive" sizes="(max-width: 480px) 200px, (max-width: 768px) 113px" onerror="this.onerror=null;this.srcset='data:image/gif;base64,iVBORw0KGgoAAAANSUhEUgAAAp4AAAN9AQMAAAAAH+tIAAAAA1BMVEX4+Phzrg4pAAAAYElEQVQYGe3BMQEAAADCIPunXgdvYAAAAAAAAAAAAAAAAAAAAAAAAAAAAAAAAAAAAAAAAAAAAAAAAAAAAAAAAAAAAAAAAAAAAAAAAAAAAAAAAAAAAAAAAAAAAAAAAADwCCiQAAGDtziFAAAAAElFTkSuQmCC';" src="https://media.thereformation.com/ima…/> from <header data-header-component="header-container" class="header-container fixit-container set--overlay">…</header> subtree intercepts pointer events
      - retrying click action
        - waiting 500ms
        - waiting for element to be visible, enabled and stable
        - element is visible, enabled and stable
        - scrolling into view if needed
        - done scrolling
        - <div data-minicart-component="container" class="flex flex-align-baseline flex-justify-between">…</div> from <header data-header-component="header-container" class="header-container fixit-container set--overlay">…</header> subtree intercepts pointer events
      - retrying click action
        - waiting 500ms
        - waiting for element to be visible, enabled and stable
        - element is visible, enabled and stable
        - scrolling into view if needed
        - done scrolling
        - <div data-minicart-component="container" class="flex flex-align-baseline flex-justify-between">…</div> from <header data-header-component="header-container" class="header-container fixit-container set--overlay fixed--scrolled">…</header> subtree intercepts pointer events
      - retrying click action
        - waiting 500ms
        - waiting for element to be visible, enabled and stable
        - element is visible, enabled and stable
        - scrolling into view if needed
        - done scrolling
        - <div>…</div> from <header data-header-component="header-container" class="header-container fixit-container set--overlay">…</header> subtree intercepts pointer events
      9 × retrying click action
          - waiting 500ms
          - waiting for element to be visible, enabled and stable
          - element is visible, enabled and stable
          - scrolling into view if needed
          - done scrolling
          - <img alt="Melanie Top" title="Melanie Top" data-line-item-component="image" class="product-image cld-responsive" sizes="(max-width: 480px) 200px, (max-width: 768px) 113px" onerror="this.onerror=null;this.srcset='data:image/gif;base64,iVBORw0KGgoAAAANSUhEUgAAAp4AAAN9AQMAAAAAH+tIAAAAA1BMVEX4+Phzrg4pAAAAYElEQVQYGe3BMQEAAADCIPunXgdvYAAAAAAAAAAAAAAAAAAAAAAAAAAAAAAAAAAAAAAAAAAAAAAAAAAAAAAAAAAAAAAAAAAAAAAAAAAAAAAAAAAAAAAAAAAAAAAAAADwCCiQAAGDtziFAAAAAElFTkSuQmCC';" src="https://media.thereformation.com/ima…/> from <header data-header-component="header-container" class="header-container fixit-container set--overlay">…</header> subtree intercepts pointer events
        - retrying click action
          - waiting 500ms
          - waiting for element to be visible, enabled and stable
          - element is visible, enabled and stable
          - scrolling into view if needed
          - done scrolling
          - <div data-minicart-component="container" class="flex flex-align-baseline flex-justify-between">…</div> from <header data-header-component="header-container" class="header-container fixit-container set--overlay">…</header> subtree intercepts pointer events
        - retrying click action
          - waiting 500ms
          - waiting for element to be visible, enabled and stable
          - element is visible, enabled and stable
          - scrolling into view if needed
          - done scrolling
          - <div data-minicart-component="container" class="flex flex-align-baseline flex-justify-between">…</div> from <header data-header-component="header-container" class="header-container fixit-container set--overlay fixed--scrolled">…</header> subtree intercepts pointer events
        - retrying click action
          - waiting 500ms
          - waiting for element to be visible, enabled and stable
          - element is visible, enabled and stable
          - scrolling into view if needed
          - done scrolling
          - <div>…</div> from <header data-header-component="header-container" class="header-container fixit-container set--overlay fixed--scrolled">…</header> subtree intercepts pointer events
      - retrying click action
        - waiting 500ms
        - waiting for element to be visible, enabled and stable
        - element is visible, enabled and stable
        - scrolling into view if needed
        - done scrolling
        - <img alt="Melanie Top" title="Melanie Top" data-line-item-component="image" class="product-image cld-responsive" sizes="(max-width: 480px) 200px, (max-width: 768px) 113px" onerror="this.onerror=null;this.srcset='data:image/gif;base64,iVBORw0KGgoAAAANSUhEUgAAAp4AAAN9AQMAAAAAH+tIAAAAA1BMVEX4+Phzrg4pAAAAYElEQVQYGe3BMQEAAADCIPunXgdvYAAAAAAAAAAAAAAAAAAAAAAAAAAAAAAAAAAAAAAAAAAAAAAAAAAAAAAAAAAAAAAAAAAAAAAAAAAAAAAAAAAAAAAAAAAAAAAAAADwCCiQAAGDtziFAAAAAElFTkSuQmCC';" src="https://media.thereformation.com/ima…/> from <header data-header-component="header-container" class="header-container fixit-container set--overlay">…</header> subtree intercepts pointer events
      - retrying click action
        - waiting 500ms


       at ../pages/product-display-page.js:145

      143 |         this.refLogger.info(`Attempting to add size [ ${size} ] for ISPU at ${storeName} (${storeLocation})`);
      144 |         const sizeCell = await this.getSizeCell(size);
    > 145 |         await sizeCell.click();
          |                        ^
      146 |
      147 |         await this.page.waitForNavigation();
      148 |
        at ProductDisplayPage.addSizedItemWithInstorePickupToBag (/home/runner/work/js-qa-automation/js-qa-automation/pages/product-display-page.js:145:24)
        at ISPUCommon.addIspuItemToBag (/home/runner/work/js-qa-automation/js-qa-automation/tests/baseline/in-store-pickup/common/ispu-common.js:57:9)
        at /home/runner/work/js-qa-automation/js-qa-automation/tests/baseline/in-store-pickup/test-ispu-logged-in.spec.js:40:17
]]>
      </failure>
      <system-out>
        <![CDATA[2025-05-21 18:24:41,872 - test-ispu-logged-in.spec - INFO - Started test_simple_ispu_order_logged_in
2025-05-21 18:24:41,873 - ref-common - INFO - ----------------------------------------------------------------------------------------------------------------------------------------------------------------------------------
2025-05-21 18:24:41,873 - ref-common - INFO - Attempting to set the Attentive [__attentive_vf] cookie on domain [ development.thereformation.com
 ] prior to testing in order to prevent the Email Signup popup from interrupting test flow ...
2025-05-21 18:24:41,873 - ref-common - INFO - ----------------------------------------------------------------------------------------------------------------------------------------------------------------------------------
2025-05-21 18:24:41,881 - ref-common - INFO - Current Cookie list for domain [ development.thereformation.com
 ]:
2025-05-21 18:24:41,886 - ref-common - INFO - [{"name":"__attentive_vf","value":"true","domain":"development.thereformation.com","path":"/","expires":-1,"httpOnly":false,"secure":true,"sameSite":"None"}]
2025-05-21 18:24:45,225 - navigation-common - INFO - Navigated to pdp - https://development.thereformation.com/products/1313793IVO.html
2025-05-21 18:24:50,448 - Page - INFO - Login was successful ...
2025-05-21 18:24:56,684 - navigation-common - INFO - Clicked the 'View Bag' link on the home page ...
2025-05-21 18:24:57,687 - navigation-common - INFO - 'skip_atc_confirmation' query parameter is NOT set on the url ...
2025-05-21 18:24:57,687 - navigation-common - INFO - ATC confirmation should NOT be skipped ...
2025-05-21 18:24:57,716 - navigation-common - INFO - Neither MINICART overlay was displayed.  No basket_id was retrieved ...
2025-05-21 18:24:57,716 - ref-common - INFO - No basket exists for cleanup ...  Moving on, nothing to see here ...
2025-05-21 18:24:57,718 - navigation-common - INFO - 'skip_atc_confirmation' query parameter is NOT set on the url ...
2025-05-21 18:24:57,718 - navigation-common - INFO - ATC confirmation should NOT be skipped ...
2025-05-21 18:24:57,760 - ispu-common - INFO - Attempting to add ISPU item to bag ...
2025-05-21 18:24:57,762 - ispu-common - INFO - STORE ZIPCODE chosen - 02115
2025-05-21 18:24:57,762 - ispu-common - INFO - ISPU STORE NAME chosen - Boston
2025-05-21 18:24:57,769 - product-display-page - WARN - An attempt was made to click the ALT PDP 'More details' link, but NONE was found. Ignoring this attempt ...
2025-05-21 18:24:57,769 - product-display-page - INFO - Attempting to add size [ 004 ] for ISPU at Boston (02115)
2025-05-21 18:25:43,090 - test-ispu-logged-in.spec - INFO - Started test_simple_ispu_order_logged_in
2025-05-21 18:25:43,092 - ref-common - INFO - ----------------------------------------------------------------------------------------------------------------------------------------------------------------------------------
2025-05-21 18:25:43,092 - ref-common - INFO - Attempting to set the Attentive [__attentive_vf] cookie on domain [ development.thereformation.com
 ] prior to testing in order to prevent the Email Signup popup from interrupting test flow ...
2025-05-21 18:25:43,092 - ref-common - INFO - ----------------------------------------------------------------------------------------------------------------------------------------------------------------------------------
2025-05-21 18:25:43,097 - ref-common - INFO - Current Cookie list for domain [ development.thereformation.com
 ]:
2025-05-21 18:25:43,104 - ref-common - INFO - [{"name":"__attentive_vf","value":"true","domain":"development.thereformation.com","path":"/","expires":-1,"httpOnly":false,"secure":true,"sameSite":"None"}]
2025-05-21 18:25:47,209 - navigation-common - INFO - Navigated to pdp - https://development.thereformation.com/products/1313793IVO.html
2025-05-21 18:25:55,630 - Page - INFO - Login was successful ...
2025-05-21 18:26:00,696 - navigation-common - INFO - Clicked the 'View Bag' link on the home page ...
2025-05-21 18:26:01,889 - navigation-common - INFO - 'skip_atc_confirmation' query parameter is NOT set on the url ...
2025-05-21 18:26:01,894 - navigation-common - INFO - ATC confirmation should NOT be skipped ...
2025-05-21 18:26:03,738 - navigation-common - INFO - basket_id retrieved from the standard MINICART [ eb59cca20e236ba46a98f59ac7 ]
2025-05-21 18:26:03,739 - ocapi-shop-client - INFO - Attempting to delete SFCC basket via OCAPI for basket_id [ eb59cca20e236ba46a98f59ac7 ]
2025-05-21 18:26:03,928 - ocapi-shop-auth - INFO - Successfully retrieved the OCAPI bearer access_token ...
2025-05-21 18:26:03,964 - ocapi-request-template - INFO - Successfully deleted [ eb59cca20e236ba46a98f59ac7 ] from OCAPI (return code: 204)
2025-05-21 18:26:03,965 - navigation-common - INFO - 'skip_atc_confirmation' query parameter is NOT set on the url ...
2025-05-21 18:26:03,966 - navigation-common - INFO - ATC confirmation should NOT be skipped ...
2025-05-21 18:26:04,726 - bag-quick-view-page - INFO - Attempting to close the MINICART ....
2025-05-21 18:26:05,032 - bag-quick-view-page - INFO - Successfully closed the MINICART ....
2025-05-21 18:26:05,033 - ispu-common - INFO - Attempting to add ISPU item to bag ...
2025-05-21 18:26:05,037 - ispu-common - INFO - STORE ZIPCODE chosen - 02115
2025-05-21 18:26:05,037 - ispu-common - INFO - ISPU STORE NAME chosen - Boston
2025-05-21 18:26:05,216 - product-display-page - WARN - An attempt was made to click the ALT PDP 'More details' link, but NONE was found. Ignoring this attempt ...
2025-05-21 18:26:05,218 - product-display-page - INFO - Attempting to add size [ 004 ] for ISPU at Boston (02115)
2025-05-21 18:26:06,564 - product-display-page - INFO - Clicked the 'Pick it up' link ...
2025-05-21 18:26:08,690 - product-display-page - INFO - Store search popup did not open ...
2025-05-21 18:26:08,690 - product-display-page - INFO - Attempting to click the 'change location' link ...
2025-05-21 18:26:09,082 - product-display-page - INFO - Change location link was clicked ...
2025-05-21 18:26:14,535 - ispu-common - INFO - PRODUCT ID [ 1313793IVO004 ] was successfully added to bag
verified hubcode # 0: hub/store: "store id 44"
2025-05-21 18:26:14,537 - ref-common - INFO - Retrieving the SFCC basket object ...

[[ATTACHMENT|test-results/baseline-in-store-pickup-t-6b638-simple-ispu-order-logged-in-chromium-retry1/trace.zip]]
2025-05-21 18:26:47,432 - test-ispu-logged-in.spec - INFO - Started test_simple_ispu_order_logged_in
2025-05-21 18:26:47,434 - ref-common - INFO - ----------------------------------------------------------------------------------------------------------------------------------------------------------------------------------
2025-05-21 18:26:47,435 - ref-common - INFO - Attempting to set the Attentive [__attentive_vf] cookie on domain [ development.thereformation.com
 ] prior to testing in order to prevent the Email Signup popup from interrupting test flow ...
2025-05-21 18:26:47,435 - ref-common - INFO - ----------------------------------------------------------------------------------------------------------------------------------------------------------------------------------
2025-05-21 18:26:47,444 - ref-common - INFO - Current Cookie list for domain [ development.thereformation.com
 ]:
2025-05-21 18:26:47,449 - ref-common - INFO - [{"name":"__attentive_vf","value":"true","domain":"development.thereformation.com","path":"/","expires":-1,"httpOnly":false,"secure":true,"sameSite":"None"}]
2025-05-21 18:26:50,960 - navigation-common - INFO - Navigated to pdp - https://development.thereformation.com/products/1313793IVO.html
2025-05-21 18:26:56,364 - Page - INFO - Login was successful ...
[...]
2025-05-21 19:03:48,717 - product-display-page - WARN - An attempt was made to click the ALT PDP 'More details' link, but NONE was found. Ignoring this attempt ...
2025-05-21 19:03:51,546 - product-display-page - INFO - Clicked the size button: 000
2025-05-21 19:03:53,115 - product-display-page - INFO - Clicked the add to bag button ...
2025-05-21 19:03:53,115 - ref-common - INFO - Successfully added item to bag ...
2025-05-21 19:03:53,223 - product-display-page - WARN - An attempt was made to click the ALT PDP 'More details' link, but NONE was found. Ignoring this attempt ...

[[ATTACHMENT|test-results/bug-fixes-ENG-45472__SFS-S-f6a8a--with-paypal-dedicated-cart-chromium-retry1/trace.zip]]
2025-05-21 19:04:47,191 - test-sfs-and-standard-with-paypal - INFO - Started test_sfs_and_standard_with_paypal
2025-05-21 19:04:47,192 - ref-common - INFO - ----------------------------------------------------------------------------------------------------------------------------------------------------------------------------------
2025-05-21 19:04:47,193 - ref-common - INFO - Attempting to set the Attentive [__attentive_vf] cookie on domain [ development.thereformation.com
 ] prior to testing in order to prevent the Email Signup popup from interrupting test flow ...
2025-05-21 19:04:47,193 - ref-common - INFO - ----------------------------------------------------------------------------------------------------------------------------------------------------------------------------------
2025-05-21 19:04:47,197 - ref-common - INFO - Current Cookie list for domain [ development.thereformation.com
 ]:
2025-05-21 19:04:47,204 - ref-common - INFO - [{"name":"__attentive_vf","value":"true","domain":"development.thereformation.com","path":"/","expires":-1,"httpOnly":false,"secure":true,"sameSite":"None"}]
2025-05-21 19:04:50,712 - navigation-common - INFO - Navigated to pdp - https://development.thereformation.com/products/1313793IVO.html
2025-05-21 19:04:51,736 - product-display-page - WARN - An attempt was made to click the ALT PDP 'More details' link, but NONE was found. Ignoring this attempt ...
2025-05-21 19:04:54,035 - product-display-page - INFO - Clicked the size button: 000
2025-05-21 19:04:55,169 - product-display-page - INFO - Clicked the add to bag button ...
2025-05-21 19:04:55,170 - ref-common - INFO - Successfully added item to bag ...
2025-05-21 19:04:55,186 - product-display-page - WARN - An attempt was made to click the ALT PDP 'More details' link, but NONE was found. Ignoring this attempt ...
2025-05-21 19:04:56,300 - product-display-page - INFO - Clicked the size button: 006
]]>
      </system-out>
    </testcase>
  </testsuite>
  <testsuite name="bug-fixes/ENG-46123__double-shipping-charges-on-SFS-shipments/test-sfs-double-ship-charge-logged-out.spec.js" timestamp="2025-05-21T18:21:07.508Z" hostname="chromium" tests="1" failures="1" skipped="0" time="87.015" errors="0">
    <testcase name="TestSFSDoubleShipChargeLoggedOut › test_sfs_double_ship_charge_logged_out" classname="bug-fixes/ENG-46123__double-shipping-charges-on-SFS-shipments/test-sfs-double-ship-charge-logged-out.spec.js" time="87.015">
      <failure message="test-sfs-double-ship-charge-logged-out.spec.js:24:9 test_sfs_double_ship_charge_logged_out" type="FAILURE">
        <![CDATA[  [chromium] › bug-fixes/ENG-46123__double-shipping-charges-on-SFS-shipments/test-sfs-double-ship-charge-logged-out.spec.js:24:9 › TestSFSDoubleShipChargeLoggedOut › test_sfs_double_ship_charge_logged_out 

    Error: expect.toBeChecked: Error: strict mode violation: locator('input[type="radio"][value="Free standard"]') resolved to 2 elements:
        1) <input checked type="radio" value="Free standard" class="form-check-input" name="dwfrm_shipping_shippingAddress_shippingMethodID" id="shippingMethod-Free standard-1fe090020e34c3a5cd1158673b" aria-describedby="dwfrm_shipping_shippingAddress_shippingMethodID-548244687943"/> aka getByRole('radio', { name: 'Free standard 3-7 business days $' })
        2) <input checked type="radio" value="Free standard" class="form-check-input" name="dwfrm_shipping_shippingAddress_shippingMethodID" aria-describedby="dwfrm_shipping_shippingAddress_shippingMethodID-1640195478428" id="shippingMethod-Free standard-1fe090020e34c3a5cd1158673b-6b8bb6c4209e025617445fffea"/> aka getByLabel('Free standard 3-7 business').nth(1)

    Call log:
      - expect.toBeChecked with timeout 5000ms
      - waiting for locator('input[type="radio"][value="Free standard"]')
        - waiting for" https://development.thereformation.com/checkout-begin" navigation to finish...
        - navigated to "https://development.thereformation.com/checkout-begin"


       at ../pages/checkout-shipping-page.js:91

      89 |
      90 |     async verifyFreeShippingSelected() {
    > 91 |         await expect(this.freeStandardRadioButton).toBeChecked();
         |                                                    ^
      92 |     }
      93 |
      94 |     async verifyFreeShippingOnlyShippingMethodAvailable() {
        at CheckoutShippingPage.verifyFreeShippingSelected (/home/runner/work/js-qa-automation/js-qa-automation/pages/checkout-shipping-page.js:91:52)
        at /home/runner/work/js-qa-automation/js-qa-automation/tests/bug-fixes/ENG-46123__double-shipping-charges-on-SFS-shipments/test-sfs-double-ship-charge-logged-out.spec.js:50:44

    Error: expect(locator).toBeVisible()

    Locator: getByText('Enter shipping details')
    Expected: visible
    Received: <element(s) not found>
    Call log:
      - expect.toBeVisible with timeout 5000ms
      - waiting for getByText('Enter shipping details')
        - waiting for" https://development.thereformation.com/checkout-begin" navigation to finish...
        - navigated to "https://development.thereformation.com/checkout-begin"


       at ../pages/checkout-shipping-page.js:50

      48 |
      49 |     async assertAllShippingPageFieldsExist() {
    > 50 |         await expect(this.shippingHeader).toBeVisible();
         |                                           ^
      51 |         await expect(this.firstNameField).toBeVisible();
      52 |         await expect(this.lastNameField).toBeVisible();
      53 |         await expect(this.address1Field).toBeVisible();
        at CheckoutShippingPage.assertAllShippingPageFieldsExist (/home/runner/work/js-qa-automation/js-qa-automation/pages/checkout-shipping-page.js:50:43)
        at CheckoutShippingPage (/home/runner/work/js-qa-automation/js-qa-automation/pages/checkout-shipping-page.js:46:14)
        at /home/runner/work/js-qa-automation/js-qa-automation/tests/bug-fixes/ENG-46123__double-shipping-charges-on-SFS-shipments/test-sfs-double-ship-charge-logged-out.spec.js:49:46

    Retry #1 ───────────────────────────────────────────────────────────────────────────────────────

    Error: expect.toBeChecked: Error: strict mode violation: locator('input[type="radio"][value="Free standard"]') resolved to 2 elements:
        1) <input checked type="radio" value="Free standard" class="form-check-input" name="dwfrm_shipping_shippingAddress_shippingMethodID" id="shippingMethod-Free standard-e3bede0128aa458d9ef06fc126"/> aka getByRole('radio', { name: 'Free standard 3-7 business days $' })
        2) <input checked type="radio" value="Free standard" class="form-check-input" name="dwfrm_shipping_shippingAddress_shippingMethodID" id="shippingMethod-Free standard-e3bede0128aa458d9ef06fc126-64bdfc4a1f4b08e2bd97376798"/> aka getByLabel('Free standard 3-7 business').nth(1)

    Call log:
      - expect.toBeChecked with timeout 5000ms
      - waiting for locator('input[type="radio"][value="Free standard"]')


       at ../pages/checkout-shipping-page.js:91

      89 |
      90 |     async verifyFreeShippingSelected() {
    > 91 |         await expect(this.freeStandardRadioButton).toBeChecked();
         |                                                    ^
      92 |     }
      93 |
      94 |     async verifyFreeShippingOnlyShippingMethodAvailable() {
        at CheckoutShippingPage.verifyFreeShippingSelected (/home/runner/work/js-qa-automation/js-qa-automation/pages/checkout-shipping-page.js:91:52)
        at /home/runner/work/js-qa-automation/js-qa-automation/tests/bug-fixes/ENG-46123__double-shipping-charges-on-SFS-shipments/test-sfs-double-ship-charge-logged-out.spec.js:50:44

    Error: expect(locator).toBeVisible()

    Locator: getByText('Enter shipping details')
    Expected: visible
    Received: <element(s) not found>
    Call log:
      - expect.toBeVisible with timeout 5000ms
      - waiting for getByText('Enter shipping details')


       at ../pages/checkout-shipping-page.js:50

      48 |
      49 |     async assertAllShippingPageFieldsExist() {
    > 50 |         await expect(this.shippingHeader).toBeVisible();
         |                                           ^
      51 |         await expect(this.firstNameField).toBeVisible();
      52 |         await expect(this.lastNameField).toBeVisible();
      53 |         await expect(this.address1Field).toBeVisible();
        at CheckoutShippingPage.assertAllShippingPageFieldsExist (/home/runner/work/js-qa-automation/js-qa-automation/pages/checkout-shipping-page.js:50:43)
        at CheckoutShippingPage (/home/runner/work/js-qa-automation/js-qa-automation/pages/checkout-shipping-page.js:46:14)
        at /home/runner/work/js-qa-automation/js-qa-automation/tests/bug-fixes/ENG-46123__double-shipping-charges-on-SFS-shipments/test-sfs-double-ship-charge-logged-out.spec.js:49:46

    attachment #3: trace (application/zip) ─────────────────────────────────────────────────────────
    test-results/bug-fixes-ENG-46123__doubl-b67fb-uble-ship-charge-logged-out-chromium-retry1/trace.zip
    Usage:

        npx playwright show-trace test-results/bug-fixes-ENG-46123__doubl-b67fb-uble-ship-charge-logged-out-chromium-retry1/trace.zip

    ────────────────────────────────────────────────────────────────────────────────────────────────

    Retry #2 ───────────────────────────────────────────────────────────────────────────────────────

    Error: expect.toBeChecked: Error: strict mode violation: locator('input[type="radio"][value="Free standard"]') resolved to 2 elements:
        1) <input checked type="radio" value="Free standard" class="form-check-input" name="dwfrm_shipping_shippingAddress_shippingMethodID" id="shippingMethod-Free standard-69f0b129d56026b4fe96b51dbe"/> aka getByRole('radio', { name: 'Free standard 3-7 business days $' })
        2) <input checked type="radio" value="Free standard" class="form-check-input" name="dwfrm_shipping_shippingAddress_shippingMethodID" id="shippingMethod-Free standard-69f0b129d56026b4fe96b51dbe-22910e94fbdab9701f544ce543"/> aka getByLabel('Free standard 3-7 business').nth(1)

    Call log:
      - expect.toBeChecked with timeout 5000ms
      - waiting for locator('input[type="radio"][value="Free standard"]')
        - waiting for" https://development.thereformation.com/checkout-begin" navigation to finish...
        - navigated to "https://development.thereformation.com/checkout-begin"


       at ../pages/checkout-shipping-page.js:91

      89 |
      90 |     async verifyFreeShippingSelected() {
    > 91 |         await expect(this.freeStandardRadioButton).toBeChecked();
         |                                                    ^
      92 |     }
      93 |
      94 |     async verifyFreeShippingOnlyShippingMethodAvailable() {
        at CheckoutShippingPage.verifyFreeShippingSelected (/home/runner/work/js-qa-automation/js-qa-automation/pages/checkout-shipping-page.js:91:52)
        at /home/runner/work/js-qa-automation/js-qa-automation/tests/bug-fixes/ENG-46123__double-shipping-charges-on-SFS-shipments/test-sfs-double-ship-charge-logged-out.spec.js:50:44

    Error: expect(locator).toBeVisible()

    Locator: getByText('Enter shipping details')
    Expected: visible
    Received: <element(s) not found>
    Call log:
      - expect.toBeVisible with timeout 5000ms
      - waiting for getByText('Enter shipping details')
        - waiting for" https://development.thereformation.com/checkout-begin" navigation to finish...
        - navigated to "https://development.thereformation.com/checkout-begin"


       at ../pages/checkout-shipping-page.js:50

      48 |
      49 |     async assertAllShippingPageFieldsExist() {
    > 50 |         await expect(this.shippingHeader).toBeVisible();
         |                                           ^
      51 |         await expect(this.firstNameField).toBeVisible();
      52 |         await expect(this.lastNameField).toBeVisible();
      53 |         await expect(this.address1Field).toBeVisible();
        at CheckoutShippingPage.assertAllShippingPageFieldsExist (/home/runner/work/js-qa-automation/js-qa-automation/pages/checkout-shipping-page.js:50:43)
        at CheckoutShippingPage (/home/runner/work/js-qa-automation/js-qa-automation/pages/checkout-shipping-page.js:46:14)
        at /home/runner/work/js-qa-automation/js-qa-automation/tests/bug-fixes/ENG-46123__double-shipping-charges-on-SFS-shipments/test-sfs-double-ship-charge-logged-out.spec.js:49:46
]]>
      </failure>
      <system-out>
        <![CDATA[2025-05-21 19:05:48,369 - test-sfs-double-ship-charge-logged-out - INFO - Started test_sfs_double_ship_charge_logged_out
2025-05-21 19:05:48,371 - ref-common - INFO - ----------------------------------------------------------------------------------------------------------------------------------------------------------------------------------
2025-05-21 19:05:48,371 - ref-common - INFO - Attempting to set the Attentive [__attentive_vf] cookie on domain [ development.thereformation.com
 ] prior to testing in order to prevent the Email Signup popup from interrupting test flow ...
2025-05-21 19:05:48,371 - ref-common - INFO - ----------------------------------------------------------------------------------------------------------------------------------------------------------------------------------
2025-05-21 19:05:48,375 - ref-common - INFO - Current Cookie list for domain [ development.thereformation.com
 ]:
2025-05-21 19:05:48,380 - ref-common - INFO - [{"name":"__attentive_vf","value":"true","domain":"development.thereformation.com","path":"/","expires":-1,"httpOnly":false,"secure":true,"sameSite":"None"}]
2025-05-21 19:05:52,497 - navigation-common - INFO - Navigated to pdp - https://development.thereformation.com/products/1313793IVO.html
2025-05-21 19:05:53,385 - product-display-page - WARN - An attempt was made to click the ALT PDP 'More details' link, but NONE was found. Ignoring this attempt ...
2025-05-21 19:05:55,806 - product-display-page - INFO - Clicked the size button: 002
2025-05-21 19:05:56,919 - product-display-page - INFO - Clicked the add to bag button ...
2025-05-21 19:05:56,919 - ref-common - INFO - Successfully added item to bag ...
2025-05-21 19:06:14,944 - navigation-common - INFO - Proceeding to checkout ...
2025-05-21 19:06:15,129 - navigation-common - INFO - Successfully clicked the checkout button from the Standard MINICART ...
2025-05-21 19:06:15,130 - navigation-common - INFO - Checking if signin is required ...
2025-05-21 19:06:17,139 - checkout-sign-in-page - INFO - Guest Checkout button is not visible, assuming we are already signed in.
2025-05-21 19:06:17,139 - navigation-common - INFO - No sign in required ...
2025-05-21 19:06:22,911 - test-sfs-double-ship-charge-logged-out - INFO - Started test_sfs_double_ship_charge_logged_out
2025-05-21 19:06:22,913 - ref-common - INFO - ----------------------------------------------------------------------------------------------------------------------------------------------------------------------------------
2025-05-21 19:06:22,913 - ref-common - INFO - Attempting to set the Attentive [__attentive_vf] cookie on domain [ development.thereformation.com
 ] prior to testing in order to prevent the Email Signup popup from interrupting test flow ...
2025-05-21 19:06:22,913 - ref-common - INFO - ----------------------------------------------------------------------------------------------------------------------------------------------------------------------------------
2025-05-21 19:06:22,916 - ref-common - INFO - Current Cookie list for domain [ development.thereformation.com
 ]:
2025-05-21 19:06:22,932 - ref-common - INFO - [{"name":"__attentive_vf","value":"true","domain":"development.thereformation.com","path":"/","expires":-1,"httpOnly":false,"secure":true,"sameSite":"None"}]
2025-05-21 19:06:27,417 - navigation-common - INFO - Navigated to pdp - https://development.thereformation.com/products/1313793IVO.html
2025-05-21 19:06:28,921 - product-display-page - WARN - An attempt was made to click the ALT PDP 'More details' link, but NONE was found. Ignoring this attempt ...
2025-05-21 19:06:31,396 - product-display-page - INFO - Clicked the size button: 002
2025-05-21 19:06:32,813 - product-display-page - INFO - Clicked the add to bag button ...
2025-05-21 19:06:32,813 - ref-common - INFO - Successfully added item to bag ...
2025-05-21 19:06:44,152 - navigation-common - INFO - Proceeding to checkout ...
2025-05-21 19:06:44,767 - navigation-common - INFO - Successfully clicked the checkout button from the Standard MINICART ...
2025-05-21 19:06:44,768 - navigation-common - INFO - Checking if signin is required ...
2025-05-21 19:06:47,198 - checkout-sign-in-page - INFO - Guest Checkout button is not visible, assuming we are already signed in.
2025-05-21 19:06:47,198 - navigation-common - INFO - No sign in required ...

[[ATTACHMENT|test-results/bug-fixes-ENG-46123__doubl-b67fb-uble-ship-charge-logged-out-chromium-retry1/trace.zip]]
2025-05-21 19:06:53,618 - test-sfs-double-ship-charge-logged-out - INFO - Started test_sfs_double_ship_charge_logged_out
2025-05-21 19:06:53,620 - ref-common - INFO - ----------------------------------------------------------------------------------------------------------------------------------------------------------------------------------
2025-05-21 19:06:53,620 - ref-common - INFO - Attempting to set the Attentive [__attentive_vf] cookie on domain [ development.thereformation.com
 ] prior to testing in order to prevent the Email Signup popup from interrupting test flow ...
2025-05-21 19:06:53,620 - ref-common - INFO - ----------------------------------------------------------------------------------------------------------------------------------------------------------------------------------
2025-05-21 19:06:53,624 - ref-common - INFO - Current Cookie list for domain [ development.thereformation.com
 ]:
2025-05-21 19:06:53,629 - ref-common - INFO - [{"name":"__attentive_vf","value":"true","domain":"development.thereformation.com","path":"/","expires":-1,"httpOnly":false,"secure":true,"sameSite":"None"}]
2025-05-21 19:06:56,953 - navigation-common - INFO - Navigated to pdp - https://development.thereformation.com/products/1313793IVO.html
2025-05-21 19:06:57,720 - product-display-page - WARN - An attempt was made to click the ALT PDP 'More details' link, but NONE was found. Ignoring this attempt ...
2025-05-21 19:06:59,948 - product-display-page - INFO - Clicked the size button: 002
2025-05-21 19:07:01,071 - product-display-page - INFO - Clicked the add to bag button ...
2025-05-21 19:07:01,072 - ref-common - INFO - Successfully added item to bag ...
2025-05-21 19:07:12,536 - navigation-common - INFO - Proceeding to checkout ...
2025-05-21 19:07:12,706 - navigation-common - INFO - Successfully clicked the checkout button from the Standard MINICART ...
2025-05-21 19:07:12,707 - navigation-common - INFO - Checking if signin is required ...
2025-05-21 19:07:14,709 - checkout-sign-in-page - INFO - Guest Checkout button is not visible, assuming we are already signed in.
2025-05-21 19:07:14,709 - navigation-common - INFO - No sign in required ...
]]>
      </system-out>
    </testcase>
  </testsuite>
</testsuites>